Added Component: Designator=D5(LED-0805-A)
Add component. Clean all parameters for all variants
Add component (AddParameter): Name = "Color"; Value = "Green"; VariantName = "[No Variations]"
Add component (AddParameter): Name = "Manufacturer 1"; Value = "Ligitek"; VariantName = "[No Variations]"
Add component (AddParameter): Name = "Manufacturer Part Number 1"; Value = "L8UG9033/TR1"; VariantName = "[No Variations]"
Add component (AddParameter): Name = "Material"; Value = "AlGaInP"; VariantName = "[No Variations]"
Add component (AddParameter): Name = "Package / Case"; Value = "4.6mm Gull-Wing"; VariantName = "[No Variations]"
Add component (AddParameter): Name = "Ratings"; Value = "450 mcd; 574 nm"; VariantName = "[No Variations]"
Add component (AddParameter): Name = "SCDType"; Value = "source"; VariantName = "[No Variations]"
Added Component: Designator=R14(RESC1608X55N)
Add component. Clean all parameters for all variants
Add component (AddParameter): Name = "LatestRevisionDate"; Value = "17-Jul-2002"; VariantName = "[No Variations]"
Add component (AddParameter): Name = "LatestRevisionNote"; Value = "Re-released for DXP Platform."; VariantName = "[No Variations]"
Add component (AddParameter): Name = "PackageDescription"; Value = "Axial Device, Thru-Hole; 2 Leads; 0.3 in Pin Spacing"; VariantName = "[No Variations]"
Add component (AddParameter): Name = "PackageReference"; Value = "AXIAL-0.3"; VariantName = "[No Variations]"
Add component (AddParameter): Name = "Published"; Value = "8-Jun-2000"; VariantName = "[No Variations]"
Add component (AddParameter): Name = "Publisher"; Value = "Altium Limited"; VariantName = "[No Variations]"
Add component (AddParameter): Name = "Value"; Value = "1K"; VariantName = "[No Variations]"
Added Pin To Net: NetName=5V Pin=D5-A
Added Pin To Net: NetName=GND Pin=R14-2
Added Pin To Net: NetName=NetD5_K Pin=D5-K
Added Pin To Net: NetName=NetD5_K Pin=R14-1
Added Net: Name=NetD5_K
Added Member To Class: ClassName=STM32F405 Member=Component ADC Header 6
Added Member To Class: ClassName=STM32F405 Member=Component D5 LED_Green_GullWing
Added Member To Class: ClassName=STM32F405 Member=Component R10 Res1
Added Member To Class: ClassName=STM32F405 Member=Component R11 Res1
Added Member To Class: ClassName=STM32F405 Member=Component R14 Res1
