Removed Pin From Net: NetName=MOS4 Pin=RN2-5
Removed Pin From Net: NetName=MOS3 Pin=RN2-6
Removed Pin From Net: NetName=MOS2 Pin=RN2-7
Removed Pin From Net: NetName=MOS1 Pin=RN2-8
Removed Pin From Net: NetName=INPUT4 Pin=RN3-5
Removed Pin From Net: NetName=INPUT3 Pin=RN3-6
Removed Pin From Net: NetName=INPUT2 Pin=RN3-7
Removed Pin From Net: NetName=INPUT1 Pin=RN3-8
Added Pin To Net: NetName=MOS1 Pin=RN2-1
Added Pin To Net: NetName=MOS2 Pin=RN2-2
Added Pin To Net: NetName=MOS3 Pin=RN2-3
Added Pin To Net: NetName=MOS4 Pin=RN2-4
Added Pin To Net: NetName=INPUT1 Pin=RN3-1
Added Pin To Net: NetName=INPUT2 Pin=RN3-2
Added Pin To Net: NetName=INPUT3 Pin=RN3-3
Added Pin To Net: NetName=INPUT4 Pin=RN3-4
Added Pin To Net: NetName=NetRN2_5 Pin=RN2-5
Added Pin To Net: NetName=NetRN2_5 Pin=U2-11
Added Net: Name=NetRN2_5
Added Pin To Net: NetName=NetRN2_6 Pin=RN2-6
Added Pin To Net: NetName=NetRN2_6 Pin=U2-10
Added Net: Name=NetRN2_6
Added Pin To Net: NetName=NetRN2_7 Pin=RN2-7
Added Pin To Net: NetName=NetRN2_7 Pin=U2-9
Added Net: Name=NetRN2_7
Added Pin To Net: NetName=NetRN2_8 Pin=RN2-8
Added Pin To Net: NetName=NetRN2_8 Pin=U2-8
Added Net: Name=NetRN2_8
Added Pin To Net: NetName=NetRN3_5 Pin=RN3-5
Added Pin To Net: NetName=NetRN3_5 Pin=U2-17
Added Net: Name=NetRN3_5
Added Pin To Net: NetName=NetRN3_6 Pin=RN3-6
Added Pin To Net: NetName=NetRN3_6 Pin=U2-16
Added Net: Name=NetRN3_6
Added Pin To Net: NetName=NetRN3_7 Pin=RN3-7
Added Pin To Net: NetName=NetRN3_7 Pin=U2-15
Added Net: Name=NetRN3_7
Added Pin To Net: NetName=NetRN3_8 Pin=RN3-8
Added Pin To Net: NetName=NetRN3_8 Pin=U2-14
Added Net: Name=NetRN3_8
