Added Component: Designator=MOSFET(HDR1X6)
Add component. Clean all parameters for all variants
Add component (AddParameter): Name = "LatestRevisionDate"; Value = "17-Jul-2002"; VariantName = "[No Variations]"
Add component (AddParameter): Name = "LatestRevisionNote"; Value = "Re-released for DXP Platform."; VariantName = "[No Variations]"
Add component (AddParameter): Name = "Publisher"; Value = "Altium Limited"; VariantName = "[No Variations]"
Added Component: Designator=RN1(RESCAXS50P160X320X70-8N)
Add component. Clean all parameters for all variants
Add component (AddParameter): Name = "Value"; Value = "22R"; VariantName = "[No Variations]"
Added Pin To Net: NetName=GND Pin=MOSFET-1
Added Pin To Net: NetName=3V3 Pin=MOSFET-6
Added Pin To Net: NetName=MOS1 Pin=MOSFET-5
Added Pin To Net: NetName=MOS1 Pin=RN1-8
Added Net: Name=MOS1
Added Pin To Net: NetName=MOS2 Pin=MOSFET-4
Added Pin To Net: NetName=MOS2 Pin=RN1-7
Added Net: Name=MOS2
Added Pin To Net: NetName=MOS3 Pin=MOSFET-3
Added Pin To Net: NetName=MOS3 Pin=RN1-6
Added Net: Name=MOS3
Added Pin To Net: NetName=MOS4 Pin=MOSFET-2
Added Pin To Net: NetName=MOS4 Pin=RN1-5
Added Net: Name=MOS4
Added Pin To Net: NetName=NetRN1_1 Pin=RN1-1
Added Pin To Net: NetName=NetRN1_1 Pin=U2-8
Added Net: Name=NetRN1_1
Added Pin To Net: NetName=NetRN1_2 Pin=RN1-2
Added Pin To Net: NetName=NetRN1_2 Pin=U2-9
Added Net: Name=NetRN1_2
Added Pin To Net: NetName=NetRN1_3 Pin=RN1-3
Added Pin To Net: NetName=NetRN1_3 Pin=U2-10
Added Net: Name=NetRN1_3
Added Pin To Net: NetName=NetRN1_4 Pin=RN1-4
Added Pin To Net: NetName=NetRN1_4 Pin=U2-11
Added Net: Name=NetRN1_4
Added Member To Class: ClassName=STM32F405 Member=Component MOSFET Header 6
Added Member To Class: ClassName=STM32F405 Member=Component RN1 resistor network
