Removed Pin From Net: NetName=GND Pin=C14-1
Removed Pin From Net: NetName=5V Pin=C14-2
Removed Pin From Net: NetName=NetD1_A Pin=D5-A
Removed Pin From Net: NetName=5VP Pin=D5-K
Removed Pin From Net: NetName=GND Pin=Q1-2
Removed Pin From Net: NetName=UART1_TX Pin=R12-1
Removed Pin From Net: NetName=UART1_RX Pin=R13-1
Removed Pin From Net: NetName=5VP Pin=RS485-1
Removed Pin From Net: NetName=GND Pin=RS485-4
Removed Pin From Net: NetName=3V3 Pin=SPI1-1
Removed Pin From Net: NetName=GND Pin=SPI1-6
Removed Pin From Net: NetName=NetR12_2 Pin=U3-1
Removed Pin From Net: NetName=GND Pin=U3-5
Removed Pin From Net: NetName=5V Pin=U3-8
Removed Member From Class: ClassName=STM32F405 Member=C14
Removed Member From Class: ClassName=STM32F405 Member=D5
Removed Member From Class: ClassName=STM32F405 Member=P2
Removed Member From Class: ClassName=STM32F405 Member=Q1
Removed Member From Class: ClassName=STM32F405 Member=R13
Removed Member From Class: ClassName=STM32F405 Member=R14
Removed Member From Class: ClassName=STM32F405 Member=R15
Removed Member From Class: ClassName=STM32F405 Member=RN2
Removed Member From Class: ClassName=STM32F405 Member=RN3
Removed Member From Class: ClassName=STM32F405 Member=RS485
Removed Member From Class: ClassName=STM32F405 Member=SPI1
Change Component Footprint: Designator=D1 Old Footprint=SMA New Footprint=DIODE_3216_70N
Change Component Footprint: Designator=U3 Old Footprint=SOIC127P600X175-8AN New Footprint=SOP8
Change Component Comment : Designator=D1 Old Comment=MBRA210LT3G New Comment=diode
Change Component Comment : Designator=U3 Old Comment=SN65HVD485E New Comment=EEPROM
Change component parameters: Designator = "C18"; Footprint = "CAPC1608X90N"; UniqueID = "\JHSNDRFQ"
Change component parameters. Clean all parameters for all variants
Change component parameters (AddParameter): Name = "LatestRevisionDate"; Value = "17-Jul-2002"; VariantName = "[No Variations]"
Change component parameters (AddParameter): Name = "LatestRevisionNote"; Value = "Re-released for DXP Platform."; VariantName = "[No Variations]"
Change component parameters (AddParameter): Name = "PackageDescription"; Value = "Radial Cap, Thru-Hole; 2 Leads; 0.3 in Pin Spacing"; VariantName = "[No Variations]"
Change component parameters (AddParameter): Name = "PackageReference"; Value = "RAD-0.3"; VariantName = "[No Variations]"
Change component parameters (AddParameter): Name = "Published"; Value = "8-Jun-2000"; VariantName = "[No Variations]"
Change component parameters (AddParameter): Name = "Publisher"; Value = "Altium Limited"; VariantName = "[No Variations]"
Change component parameters (AddParameter): Name = "Value"; Value = "0.1u"; VariantName = "[No Variations]"
Change component parameters: Designator = "R8"; Footprint = "RESC1608X55N"; UniqueID = "\XPUCDKFB"
Change component parameters. Clean all parameters for all variants
Change component parameters (AddParameter): Name = "LatestRevisionDate"; Value = "17-Jul-2002"; VariantName = "[No Variations]"
Change component parameters (AddParameter): Name = "LatestRevisionNote"; Value = "Re-released for DXP Platform."; VariantName = "[No Variations]"
Change component parameters (AddParameter): Name = "PackageDescription"; Value = "Axial Device, Thru-Hole; 2 Leads; 0.3 in Pin Spacing"; VariantName = "[No Variations]"
Change component parameters (AddParameter): Name = "PackageReference"; Value = "AXIAL-0.3"; VariantName = "[No Variations]"
Change component parameters (AddParameter): Name = "Published"; Value = "8-Jun-2000"; VariantName = "[No Variations]"
Change component parameters (AddParameter): Name = "Publisher"; Value = "Altium Limited"; VariantName = "[No Variations]"
Change component parameters (AddParameter): Name = "Value"; Value = "0R"; VariantName = "[No Variations]"
Change component parameters: Designator = "R9"; Footprint = "RESC1608X55N"; UniqueID = "\KSVESRWP"
Change component parameters. Clean all parameters for all variants
Change component parameters (AddParameter): Name = "LatestRevisionDate"; Value = "17-Jul-2002"; VariantName = "[No Variations]"
Change component parameters (AddParameter): Name = "LatestRevisionNote"; Value = "Re-released for DXP Platform."; VariantName = "[No Variations]"
Change component parameters (AddParameter): Name = "PackageDescription"; Value = "Axial Device, Thru-Hole; 2 Leads; 0.3 in Pin Spacing"; VariantName = "[No Variations]"
Change component parameters (AddParameter): Name = "PackageReference"; Value = "AXIAL-0.3"; VariantName = "[No Variations]"
Change component parameters (AddParameter): Name = "Published"; Value = "8-Jun-2000"; VariantName = "[No Variations]"
Change component parameters (AddParameter): Name = "Publisher"; Value = "Altium Limited"; VariantName = "[No Variations]"
Change component parameters (AddParameter): Name = "Value"; Value = "0R"; VariantName = "[No Variations]"
Change component parameters: Designator = "R12"; Footprint = "RESC1608X55N"; UniqueID = "\GUEVRUCA"
Change component parameters. Clean all parameters for all variants
Change component parameters (AddParameter): Name = "LatestRevisionDate"; Value = "17-Jul-2002"; VariantName = "[No Variations]"
Change component parameters (AddParameter): Name = "LatestRevisionNote"; Value = "Re-released for DXP Platform."; VariantName = "[No Variations]"
Change component parameters (AddParameter): Name = "PackageDescription"; Value = "Axial Device, Thru-Hole; 2 Leads; 0.3 in Pin Spacing"; VariantName = "[No Variations]"
Change component parameters (AddParameter): Name = "PackageReference"; Value = "AXIAL-0.3"; VariantName = "[No Variations]"
Change component parameters (AddParameter): Name = "Published"; Value = "8-Jun-2000"; VariantName = "[No Variations]"
Change component parameters (AddParameter): Name = "Publisher"; Value = "Altium Limited"; VariantName = "[No Variations]"
Change component parameters (AddParameter): Name = "Value"; Value = "0R"; VariantName = "[No Variations]"
Change component parameters: Designator = "D1"; Footprint = "DIODE_3216_70N"; UniqueID = "\JPYXSYRB"
Change component parameters. Clean all parameters for all variants
Change component parameters (AddParameter): Name = "ComponentLink1Description"; Value = "mouser"; VariantName = "[No Variations]"
Change component parameters (AddParameter): Name = "ComponentLink1URL"; Value = "https://www.mouser.hk/ProductDetail/AVX/SD1206S040S2R0?qs=jCA%252BPfw4LHbfEJl0sZ31oA%3D%3D"; VariantName = "[No Variations]"
Added Pin To Net: NetName=3V3 Pin=C18-1
Added Pin To Net: NetName=GND Pin=R8-1
Added Pin To Net: NetName=GND Pin=R12-1
Added Pin To Net: NetName=NetR12_2 Pin=U3-3
Added Pin To Net: NetName=GND Pin=U3-4
Added Pin To Net: NetName=I2C1_SDA Pin=U3-5
Added Pin To Net: NetName=I2C1_SCL Pin=U3-6
Added Pin To Net: NetName=3V3 Pin=U3-8
Added Pin To Net: NetName=CAN2_RX Pin=U2-33
Added Net: Name=CAN2_RX
Added Pin To Net: NetName=CAN2_TX Pin=U2-34
Added Net: Name=CAN2_TX
Added Pin To Net: NetName=NetR8_2 Pin=R8-2
Added Pin To Net: NetName=NetR8_2 Pin=U3-1
Added Net: Name=NetR8_2
Added Pin To Net: NetName=NetR9_2 Pin=R9-2
Added Pin To Net: NetName=NetR9_2 Pin=U3-2
Added Net: Name=NetR9_2
